  [1m[35m (2.3ms)[0m  [1m[34mSELECT sqlite_version(*)[0m
  [1m[35m (112.4ms)[0m  [1m[35mCREATE TABLE "schema_migrations" ("version" varchar NOT NULL PRIMARY KEY)[0m
  [1m[35m (98.8ms)[0m  [1m[35mCREATE TABLE "ar_internal_metadata" ("key" varchar NOT NULL PRIMARY KEY, "value" varchar, "created_at" datetime(6) NOT NULL, "updated_at" datetime(6) NOT NULL)[0m
  [1m[35m (0.2ms)[0m  [1m[34mSELECT "schema_migrations"."version" FROM "schema_migrations" ORDER BY "schema_migrations"."version" ASC[0m
Migrating to CreatePosts (20210103230106)
  [1m[36mTRANSACTION (0.1ms)[0m  [1m[36mbegin transaction[0m
  [1m[35m (0.4ms)[0m  [1m[35mCREATE TABLE "posts" ("id" integer PRIMARY KEY AUTOINCREMENT NOT NULL, "title" varchar, "body" text, "created_at" datetime(6) NOT NULL, "updated_at" datetime(6) NOT NULL)[0m
  [1m[36mActiveRecord::SchemaMigration Create (0.3ms)[0m  [1m[32mINSERT INTO "schema_migrations" ("version") VALUES (?)[0m  [["version", "20210103230106"]]
  [1m[36mTRANSACTION (123.1ms)[0m  [1m[36mcommit transaction[0m
Migrating to CreateComments (20210103230117)
  [1m[36mTRANSACTION (0.2ms)[0m  [1m[36mbegin transaction[0m
  [1m[35m (0.5ms)[0m  [1m[35mCREATE TABLE "comments" ("id" integer PRIMARY KEY AUTOINCREMENT NOT NULL, "post_id" integer NOT NULL, "body" text, "created_at" datetime(6) NOT NULL, "updated_at" datetime(6) NOT NULL, CONSTRAINT "fk_rails_2fd19c0db7"
FOREIGN KEY ("post_id")
  REFERENCES "posts" ("id")
)[0m
  [1m[35m (0.3ms)[0m  [1m[35mCREATE INDEX "index_comments_on_post_id" ON "comments" ("post_id")[0m
  [1m[36mActiveRecord::SchemaMigration Create (0.3ms)[0m  [1m[32mINSERT INTO "schema_migrations" ("version") VALUES (?)[0m  [["version", "20210103230117"]]
  [1m[36mTRANSACTION (121.1ms)[0m  [1m[36mcommit transaction[0m
  [1m[36mActiveRecord::InternalMetadata Load (0.3ms)[0m  [1m[34mSELECT "ar_internal_metadata".* FROM "ar_internal_metadata" WHERE "ar_internal_metadata"."key" = ? LIMIT ?[0m  [["key", "environment"], ["LIMIT", 1]]
  [1m[36mTRANSACTION (0.1ms)[0m  [1m[36mbegin transaction[0m
  [1m[36mActiveRecord::InternalMetadata Create (0.4ms)[0m  [1m[32mINSERT INTO "ar_internal_metadata" ("key", "value", "created_at", "updated_at") VALUES (?, ?, ?, ?)[0m  [["key", "environment"], ["value", "development"], ["created_at", "2021-01-03 23:01:28.815157"], ["updated_at", "2021-01-03 23:01:28.815157"]]
  [1m[36mTRANSACTION (71.0ms)[0m  [1m[36mcommit transaction[0m
  [1m[35m (0.1ms)[0m  [1m[34mSELECT sqlite_version(*)[0m
  [1m[35m (0.2ms)[0m  [1m[34mSELECT "schema_migrations"."version" FROM "schema_migrations" ORDER BY "schema_migrations"."version" ASC[0m
Started GET "/" for ::1 at 2021-01-04 00:02:56 +0100
  [1m[35m (0.9ms)[0m  [1m[34mSELECT sqlite_version(*)[0m
  [1m[35m (0.2ms)[0m  [1m[34mSELECT "schema_migrations"."version" FROM "schema_migrations" ORDER BY "schema_migrations"."version" ASC[0m
Processing by Rails::WelcomeController#index as HTML
  Rendering /home/abidrabbo/.rbenv/versions/3.0.0/lib/ruby/gems/3.0.0/gems/railties-6.1.0/lib/rails/templates/rails/welcome/index.html.erb
  Rendered /home/abidrabbo/.rbenv/versions/3.0.0/lib/ruby/gems/3.0.0/gems/railties-6.1.0/lib/rails/templates/rails/welcome/index.html.erb (Duration: 9.8ms | Allocations: 522)
Completed 200 OK in 30ms (Views: 15.0ms | ActiveRecord: 0.0ms | Allocations: 4209)


Started GET "/blog" for ::1 at 2021-01-04 00:03:14 +0100
  
ActionController::RoutingError (No route matches [GET] "/blog"):
  
Started GET "/Post" for ::1 at 2021-01-04 00:07:20 +0100
  [1m[35m (1.1ms)[0m  [1m[34mSELECT sqlite_version(*)[0m
  [1m[35m (0.3ms)[0m  [1m[34mSELECT "schema_migrations"."version" FROM "schema_migrations" ORDER BY "schema_migrations"."version" ASC[0m
  
ActionController::RoutingError (No route matches [GET] "/Post"):
  
Started GET "/Comment" for ::1 at 2021-01-04 00:07:43 +0100
  
ActionController::RoutingError (No route matches [GET] "/Comment"):
  
Started GET "/posts" for ::1 at 2021-01-04 00:08:09 +0100
Processing by PostsController#index as HTML
  Rendering layout layouts/application.html.erb
  Rendering posts/index.html.erb within layouts/application
  [1m[36mPost Load (0.3ms)[0m  [1m[34mSELECT "posts".* FROM "posts"[0m
  ↳ app/views/posts/index.html.erb:15
  Rendered posts/index.html.erb within layouts/application (Duration: 5.5ms | Allocations: 1160)
[Webpacker] Compiling...
[Webpacker] Compiled all packs in /home/abidrabbo/blog/public/packs
[Webpacker] Hash: 415a948d492e21802f43
Version: webpack 4.44.2
Time: 3472ms
Built at: 2021-01-04 0:08:14
                                     Asset       Size       Chunks                         Chunk Names
    js/application-d5a3c3b4dce84b5eb605.js    125 KiB  application  [emitted] [immutable]  application
js/application-d5a3c3b4dce84b5eb605.js.map    139 KiB  application  [emitted] [dev]        application
                             manifest.json  364 bytes               [emitted]              
Entrypoint application = js/application-d5a3c3b4dce84b5eb605.js js/application-d5a3c3b4dce84b5eb605.js.map
[./app/javascript/channels sync recursive _channel\.js$] ./app/javascript/channels sync _channel\.js$ 160 bytes {application} [built]
[./app/javascript/channels/index.js] 211 bytes {application} [built]
[./app/javascript/packs/application.js] 492 bytes {application} [built]
[./node_modules/webpack/buildin/module.js] (webpack)/buildin/module.js 552 bytes {application} [built]
    + 3 hidden modules

  Rendered layout layouts/application.html.erb (Duration: 5738.2ms | Allocations: 21179)
Completed 200 OK in 5749ms (Views: 5740.5ms | ActiveRecord: 0.3ms | Allocations: 23971)


Started GET "/posts/new" for ::1 at 2021-01-04 00:08:59 +0100
Processing by PostsController#new as HTML
  Rendering layout layouts/application.html.erb
  Rendering posts/new.html.erb within layouts/application
  Rendered posts/_form.html.erb (Duration: 57.5ms | Allocations: 6856)
  Rendered posts/new.html.erb within layouts/application (Duration: 59.9ms | Allocations: 7237)
[Webpacker] Everything's up-to-date. Nothing to do
  Rendered layout layouts/application.html.erb (Duration: 72.0ms | Allocations: 10060)
Completed 200 OK in 88ms (Views: 73.6ms | ActiveRecord: 1.2ms | Allocations: 14190)


Started POST "/posts" for ::1 at 2021-01-04 00:09:20 +0100
Processing by PostsController#create as HTML
  Parameters: {"authenticity_token"=>"[FILTERED]", "post"=>{"title"=>"First post", "body"=>"Blab blab blab\r\n"}, "commit"=>"Create Post"}
  [1m[36mTRANSACTION (0.1ms)[0m  [1m[36mbegin transaction[0m
  ↳ app/controllers/posts_controller.rb:30:in `block in create'
  [1m[36mPost Create (0.5ms)[0m  [1m[32mINSERT INTO "posts" ("title", "body", "created_at", "updated_at") VALUES (?, ?, ?, ?)[0m  [["title", "First post"], ["body", "Blab blab blab\r\n"], ["created_at", "2021-01-03 23:09:20.751608"], ["updated_at", "2021-01-03 23:09:20.751608"]]
  ↳ app/controllers/posts_controller.rb:30:in `block in create'
  [1m[36mTRANSACTION (210.7ms)[0m  [1m[36mcommit transaction[0m
  ↳ app/controllers/posts_controller.rb:30:in `block in create'
Redirected to http://localhost:3000/posts/1
Completed 302 Found in 243ms (ActiveRecord: 211.3ms | Allocations: 5430)


Started GET "/posts/1" for ::1 at 2021-01-04 00:09:20 +0100
Processing by PostsController#show as HTML
  Parameters: {"id"=>"1"}
  [1m[36mPost Load (0.4ms)[0m  [1m[34mSELECT "posts".* FROM "posts" WHERE "posts"."id" = ? LIMIT ?[0m  [["id", 1], ["LIMIT", 1]]
  ↳ app/controllers/posts_controller.rb:67:in `set_post'
  Rendering layout layouts/application.html.erb
  Rendering posts/show.html.erb within layouts/application
  Rendered posts/show.html.erb within layouts/application (Duration: 1.3ms | Allocations: 279)
[Webpacker] Everything's up-to-date. Nothing to do
  Rendered layout layouts/application.html.erb (Duration: 8.1ms | Allocations: 3222)
Completed 200 OK in 17ms (Views: 8.9ms | ActiveRecord: 0.4ms | Allocations: 4928)


Started GET "/posts" for ::1 at 2021-01-04 00:09:26 +0100
Processing by PostsController#index as HTML
  Rendering layout layouts/application.html.erb
  Rendering posts/index.html.erb within layouts/application
  [1m[36mPost Load (0.4ms)[0m  [1m[34mSELECT "posts".* FROM "posts"[0m
  ↳ app/views/posts/index.html.erb:15
  Rendered posts/index.html.erb within layouts/application (Duration: 6.4ms | Allocations: 876)
[Webpacker] Everything's up-to-date. Nothing to do
  Rendered layout layouts/application.html.erb (Duration: 17.7ms | Allocations: 4333)
Completed 200 OK in 21ms (Views: 18.7ms | ActiveRecord: 0.4ms | Allocations: 4804)


Started GET "/coments" for ::1 at 2021-01-04 00:09:57 +0100
  
ActionController::RoutingError (No route matches [GET] "/coments"):
  
Started GET "/comments" for ::1 at 2021-01-04 00:10:05 +0100
Processing by CommentsController#index as HTML
  Rendering layout layouts/application.html.erb
  Rendering comments/index.html.erb within layouts/application
  [1m[36mComment Load (0.4ms)[0m  [1m[34mSELECT "comments".* FROM "comments"[0m
  ↳ app/views/comments/index.html.erb:15
  Rendered comments/index.html.erb within layouts/application (Duration: 5.8ms | Allocations: 1057)
[Webpacker] Everything's up-to-date. Nothing to do
  Rendered layout layouts/application.html.erb (Duration: 13.7ms | Allocations: 4020)
Completed 200 OK in 110ms (Views: 15.4ms | ActiveRecord: 0.4ms | Allocations: 6205)


Started GET "/comments/new" for ::1 at 2021-01-04 00:10:08 +0100
Processing by CommentsController#new as HTML
  Rendering layout layouts/application.html.erb
  Rendering comments/new.html.erb within layouts/application
  Rendered comments/_form.html.erb (Duration: 3.5ms | Allocations: 1160)
  Rendered comments/new.html.erb within layouts/application (Duration: 5.2ms | Allocations: 1534)
[Webpacker] Everything's up-to-date. Nothing to do
  Rendered layout layouts/application.html.erb (Duration: 14.0ms | Allocations: 4550)
Completed 200 OK in 31ms (Views: 15.6ms | ActiveRecord: 1.7ms | Allocations: 7873)


Started POST "/comments" for ::1 at 2021-01-04 00:10:28 +0100
Processing by CommentsController#create as HTML
  Parameters: {"authenticity_token"=>"[FILTERED]", "comment"=>{"post_id"=>"First post", "body"=>"First comment"}, "commit"=>"Create Comment"}
  [1m[36mTRANSACTION (0.2ms)[0m  [1m[36mbegin transaction[0m
  ↳ app/controllers/comments_controller.rb:30:in `block in create'
  [1m[36mPost Load (0.2ms)[0m  [1m[34mSELECT "posts".* FROM "posts" WHERE "posts"."id" = ? LIMIT ?[0m  [["id", 0], ["LIMIT", 1]]
  ↳ app/controllers/comments_controller.rb:30:in `block in create'
  [1m[36mTRANSACTION (0.1ms)[0m  [1m[31mrollback transaction[0m
  ↳ app/controllers/comments_controller.rb:30:in `block in create'
  Rendering layout layouts/application.html.erb
  Rendering comments/new.html.erb within layouts/application
  Rendered comments/_form.html.erb (Duration: 5.0ms | Allocations: 1181)
  Rendered comments/new.html.erb within layouts/application (Duration: 5.7ms | Allocations: 1295)
[Webpacker] Everything's up-to-date. Nothing to do
  Rendered layout layouts/application.html.erb (Duration: 13.1ms | Allocations: 4154)
Completed 200 OK in 120ms (Views: 14.2ms | ActiveRecord: 0.5ms | Allocations: 10887)


Started POST "/comments" for ::1 at 2021-01-04 00:10:58 +0100
Processing by CommentsController#create as HTML
  Parameters: {"authenticity_token"=>"[FILTERED]", "comment"=>{"post_id"=>"First post", "body"=>"First comment"}, "commit"=>"Create Comment"}
  [1m[36mTRANSACTION (0.1ms)[0m  [1m[36mbegin transaction[0m
  ↳ app/controllers/comments_controller.rb:30:in `block in create'
  [1m[36mPost Load (0.2ms)[0m  [1m[34mSELECT "posts".* FROM "posts" WHERE "posts"."id" = ? LIMIT ?[0m  [["id", 0], ["LIMIT", 1]]
  ↳ app/controllers/comments_controller.rb:30:in `block in create'
  [1m[36mTRANSACTION (0.1ms)[0m  [1m[31mrollback transaction[0m
  ↳ app/controllers/comments_controller.rb:30:in `block in create'
  Rendering layout layouts/application.html.erb
  Rendering comments/new.html.erb within layouts/application
  Rendered comments/_form.html.erb (Duration: 5.2ms | Allocations: 1073)
  Rendered comments/new.html.erb within layouts/application (Duration: 5.9ms | Allocations: 1184)
[Webpacker] Everything's up-to-date. Nothing to do
  Rendered layout layouts/application.html.erb (Duration: 14.0ms | Allocations: 4039)
Completed 200 OK in 30ms (Views: 15.0ms | ActiveRecord: 0.4ms | Allocations: 7354)


Started GET "/comments" for ::1 at 2021-01-04 00:11:01 +0100
Processing by CommentsController#index as HTML
  Rendering layout layouts/application.html.erb
  Rendering comments/index.html.erb within layouts/application
  [1m[36mComment Load (0.1ms)[0m  [1m[34mSELECT "comments".* FROM "comments"[0m
  ↳ app/views/comments/index.html.erb:15
  Rendered comments/index.html.erb within layouts/application (Duration: 2.5ms | Allocations: 720)
[Webpacker] Everything's up-to-date. Nothing to do
  Rendered layout layouts/application.html.erb (Duration: 18.7ms | Allocations: 3662)
Completed 200 OK in 20ms (Views: 19.3ms | ActiveRecord: 0.1ms | Allocations: 4121)


Started GET "/comments/new" for ::1 at 2021-01-04 00:11:03 +0100
Processing by CommentsController#new as HTML
  Rendering layout layouts/application.html.erb
  Rendering comments/new.html.erb within layouts/application
  Rendered comments/_form.html.erb (Duration: 1.9ms | Allocations: 683)
  Rendered comments/new.html.erb within layouts/application (Duration: 2.3ms | Allocations: 794)
[Webpacker] Everything's up-to-date. Nothing to do
  Rendered layout layouts/application.html.erb (Duration: 10.8ms | Allocations: 3724)
Completed 200 OK in 12ms (Views: 11.5ms | ActiveRecord: 0.0ms | Allocations: 4186)


Started GET "/comments" for ::1 at 2021-01-04 00:11:17 +0100
Processing by CommentsController#index as HTML
  Rendering layout layouts/application.html.erb
  Rendering comments/index.html.erb within layouts/application
  [1m[36mComment Load (0.1ms)[0m  [1m[34mSELECT "comments".* FROM "comments"[0m
  ↳ app/views/comments/index.html.erb:15
  Rendered comments/index.html.erb within layouts/application (Duration: 2.6ms | Allocations: 720)
[Webpacker] Everything's up-to-date. Nothing to do
  Rendered layout layouts/application.html.erb (Duration: 10.2ms | Allocations: 3652)
Completed 200 OK in 12ms (Views: 11.0ms | ActiveRecord: 0.1ms | Allocations: 4110)


Started GET "/comments/new" for ::1 at 2021-01-04 00:11:20 +0100
Processing by CommentsController#new as HTML
  Rendering layout layouts/application.html.erb
  Rendering comments/new.html.erb within layouts/application
  Rendered comments/_form.html.erb (Duration: 2.9ms | Allocations: 683)
  Rendered comments/new.html.erb within layouts/application (Duration: 3.9ms | Allocations: 834)
[Webpacker] Everything's up-to-date. Nothing to do
  Rendered layout layouts/application.html.erb (Duration: 15.5ms | Allocations: 4273)
Completed 200 OK in 17ms (Views: 16.4ms | ActiveRecord: 0.0ms | Allocations: 4736)


Started POST "/comments" for ::1 at 2021-01-04 00:11:39 +0100
Processing by CommentsController#create as HTML
  Parameters: {"authenticity_token"=>"[FILTERED]", "comment"=>{"post_id"=>"First post", "body"=>"First comment"}, "commit"=>"Create Comment"}
  [1m[36mTRANSACTION (0.1ms)[0m  [1m[36mbegin transaction[0m
  ↳ app/controllers/comments_controller.rb:30:in `block in create'
  [1m[36mPost Load (0.1ms)[0m  [1m[34mSELECT "posts".* FROM "posts" WHERE "posts"."id" = ? LIMIT ?[0m  [["id", 0], ["LIMIT", 1]]
  ↳ app/controllers/comments_controller.rb:30:in `block in create'
  [1m[36mTRANSACTION (0.1ms)[0m  [1m[31mrollback transaction[0m
  ↳ app/controllers/comments_controller.rb:30:in `block in create'
  Rendering layout layouts/application.html.erb
  Rendering comments/new.html.erb within layouts/application
  Rendered comments/_form.html.erb (Duration: 2.9ms | Allocations: 1073)
  Rendered comments/new.html.erb within layouts/application (Duration: 3.3ms | Allocations: 1184)
[Webpacker] Everything's up-to-date. Nothing to do
  Rendered layout layouts/application.html.erb (Duration: 10.0ms | Allocations: 4039)
Completed 200 OK in 21ms (Views: 10.8ms | ActiveRecord: 0.4ms | Allocations: 7369)


Started POST "/comments" for ::1 at 2021-01-04 00:11:57 +0100
Processing by CommentsController#create as HTML
  Parameters: {"authenticity_token"=>"[FILTERED]", "comment"=>{"post_id"=>"1", "body"=>"First comment"}, "commit"=>"Create Comment"}
  [1m[36mTRANSACTION (0.1ms)[0m  [1m[36mbegin transaction[0m
  ↳ app/controllers/comments_controller.rb:30:in `block in create'
  [1m[36mPost Load (0.2ms)[0m  [1m[34mSELECT "posts".* FROM "posts" WHERE "posts"."id" = ? LIMIT ?[0m  [["id", 1], ["LIMIT", 1]]
  ↳ app/controllers/comments_controller.rb:30:in `block in create'
  [1m[36mComment Create (0.5ms)[0m  [1m[32mINSERT INTO "comments" ("post_id", "body", "created_at", "updated_at") VALUES (?, ?, ?, ?)[0m  [["post_id", 1], ["body", "First comment"], ["created_at", "2021-01-03 23:11:57.110519"], ["updated_at", "2021-01-03 23:11:57.110519"]]
  ↳ app/controllers/comments_controller.rb:30:in `block in create'
  [1m[36mTRANSACTION (198.7ms)[0m  [1m[36mcommit transaction[0m
  ↳ app/controllers/comments_controller.rb:30:in `block in create'
Redirected to http://localhost:3000/comments/1
Completed 302 Found in 223ms (ActiveRecord: 199.5ms | Allocations: 5737)


Started GET "/comments/1" for ::1 at 2021-01-04 00:11:57 +0100
Processing by CommentsController#show as HTML
  Parameters: {"id"=>"1"}
  [1m[36mComment Load (0.3ms)[0m  [1m[34mSELECT "comments".* FROM "comments" WHERE "comments"."id" = ? LIMIT ?[0m  [["id", 1], ["LIMIT", 1]]
  ↳ app/controllers/comments_controller.rb:67:in `set_comment'
  Rendering layout layouts/application.html.erb
  Rendering comments/show.html.erb within layouts/application
  Rendered comments/show.html.erb within layouts/application (Duration: 1.0ms | Allocations: 272)
[Webpacker] Everything's up-to-date. Nothing to do
  Rendered layout layouts/application.html.erb (Duration: 8.3ms | Allocations: 3204)
Completed 200 OK in 14ms (Views: 9.0ms | ActiveRecord: 0.3ms | Allocations: 4485)


